This is pdfTeX, Version 3.14159265-2.6-1.40.16 (MiKTeX 2.9 64-bit) (preloaded format=pdflatex 2016.2.18)  6 NOV 2018 22:51
entering extended mode
**./avanroi1_hw6.tex
(avanroi1_hw6.tex
LaTeX2e <2016/02/01>
Babel <3.9n> and hyphenation patterns for 69 languages loaded.
("C:\Users\BDVR\AppData\Local\Programs\MiKTeX 2.9\tex\latex\base\article.cls"
Document Class: article 2014/09/29 v1.4h Standard LaTeX document class
("C:\Users\BDVR\AppData\Local\Programs\MiKTeX 2.9\tex\latex\base\size11.clo"
File: size11.clo 2014/09/29 v1.4h Standard LaTeX file (size option)
)
\c@part=\count79
\c@section=\count80
\c@subsection=\count81
\c@subsubsection=\count82
\c@paragraph=\count83
\c@subparagraph=\count84
\c@figure=\count85
\c@table=\count86
\abovecaptionskip=\skip41
\belowcaptionskip=\skip42
\bibindent=\dimen102
)
("C:\Users\BDVR\AppData\Local\Programs\MiKTeX 2.9\tex\latex\amsmath\amsgen.sty"
File: amsgen.sty 1999/11/30 v2.0
\@emptytoks=\toks14
\ex@=\dimen103
)
("C:\Users\BDVR\AppData\Local\Programs\MiKTeX 2.9\tex\latex\amsmath\amsmath.sty
"
Package: amsmath 2013/01/14 v2.14 AMS math features
\@mathmargin=\skip43

For additional information on amsmath, use the `?' option.
("C:\Users\BDVR\AppData\Local\Programs\MiKTeX 2.9\tex\latex\amsmath\amstext.sty
"
Package: amstext 2000/06/29 v2.01
)
("C:\Users\BDVR\AppData\Local\Programs\MiKTeX 2.9\tex\latex\amsmath\amsbsy.sty"
Package: amsbsy 1999/11/29 v1.2d
\pmbraise@=\dimen104
) ("C:\Users\BDVR\AppData\Local\Programs\MiKTeX 2.9\tex\latex\amsmath\amsopn.st
y"
Package: amsopn 1999/12/14 v2.01 operator names
)
\inf@bad=\count87
LaTeX Info: Redefining \frac on input line 210.
\uproot@=\count88
\leftroot@=\count89
LaTeX Info: Redefining \overline on input line 306.
\classnum@=\count90
\DOTSCASE@=\count91
LaTeX Info: Redefining \ldots on input line 378.
LaTeX Info: Redefining \dots on input line 381.
LaTeX Info: Redefining \cdots on input line 466.
\Mathstrutbox@=\box26
\strutbox@=\box27
\big@size=\dimen105
LaTeX Font Info:    Redeclaring font encoding OML on input line 566.
LaTeX Font Info:    Redeclaring font encoding OMS on input line 567.
\macc@depth=\count92
\c@MaxMatrixCols=\count93
\dotsspace@=\muskip10
\c@parentequation=\count94
\dspbrk@lvl=\count95
\tag@help=\toks15
\row@=\count96
\column@=\count97
\maxfields@=\count98
\andhelp@=\toks16
\eqnshift@=\dimen106
\alignsep@=\dimen107
\tagshift@=\dimen108
\tagwidth@=\dimen109
\totwidth@=\dimen110
\lineht@=\dimen111
\@envbody=\toks17
\multlinegap=\skip44
\multlinetaggap=\skip45
\mathdisplay@stack=\toks18
LaTeX Info: Redefining \[ on input line 2665.
LaTeX Info: Redefining \] on input line 2666.
)
("C:\Users\BDVR\AppData\Local\Programs\MiKTeX 2.9\tex\latex\amsfonts\amssymb.st
y"
Package: amssymb 2013/01/14 v3.01 AMS font symbols

("C:\Users\BDVR\AppData\Local\Programs\MiKTeX 2.9\tex\latex\amsfonts\amsfonts.s
ty"
Package: amsfonts 2013/01/14 v3.01 Basic AMSFonts support
\symAMSa=\mathgroup4
\symAMSb=\mathgroup5
LaTeX Font Info:    Overwriting math alphabet `\mathfrak' in version `bold'
(Font)                  U/euf/m/n --> U/euf/b/n on input line 106.
))
("C:\Users\BDVR\AppData\Local\Programs\MiKTeX 2.9\tex\latex\graphics\graphicx.s
ty"
Package: graphicx 2014/10/28 v1.0g Enhanced LaTeX Graphics (DPC,SPQR)

("C:\Users\BDVR\AppData\Local\Programs\MiKTeX 2.9\tex\latex\graphics\keyval.sty
"
Package: keyval 2014/10/28 v1.15 key=value parser (DPC)
\KV@toks@=\toks19
)
("C:\Users\BDVR\AppData\Local\Programs\MiKTeX 2.9\tex\latex\graphics\graphics.s
ty"
Package: graphics 2016/01/03 v1.0q Standard LaTeX Graphics (DPC,SPQR)

("C:\Users\BDVR\AppData\Local\Programs\MiKTeX 2.9\tex\latex\graphics\trig.sty"
Package: trig 2016/01/03 v1.10 sin cos tan (DPC)
)
("C:\Users\BDVR\AppData\Local\Programs\MiKTeX 2.9\tex\latex\00miktex\graphics.c
fg"
File: graphics.cfg 2007/01/18 v1.5 graphics configuration of teTeX/TeXLive
)
Package graphics Info: Driver file: pdftex.def on input line 95.

("C:\Users\BDVR\AppData\Local\Programs\MiKTeX 2.9\tex\latex\pdftex-def\pdftex.d
ef"
File: pdftex.def 2011/05/27 v0.06d Graphics/color for pdfTeX

("C:\Users\BDVR\AppData\Local\Programs\MiKTeX 2.9\tex\generic\oberdiek\infwarer
r.sty"
Package: infwarerr 2010/04/08 v1.3 Providing info/warning/error messages (HO)
)
("C:\Users\BDVR\AppData\Local\Programs\MiKTeX 2.9\tex\generic\oberdiek\ltxcmds.
sty"
Package: ltxcmds 2011/11/09 v1.22 LaTeX kernel commands for general use (HO)
)
\Gread@gobject=\count99
))
\Gin@req@height=\dimen112
\Gin@req@width=\dimen113
)
("C:\Users\BDVR\AppData\Local\Programs\MiKTeX 2.9\tex\latex\graphics\color.sty"
Package: color 2016/01/03 v1.1b Standard LaTeX Color (DPC)
("C:\Users\BDVR\AppData\Local\Programs\MiKTeX 2.9\tex\latex\00miktex\color.cfg"
File: color.cfg 2007/01/18 v1.5 color configuration of teTeX/TeXLive
)
Package color Info: Driver file: pdftex.def on input line 143.
) ("C:\Users\BDVR\AppData\Local\Programs\MiKTeX 2.9\tex\latex\tools\bm.sty"
Package: bm 2014/10/28 v1.1c Bold Symbol Support (DPC/FMi)
\symboldoperators=\mathgroup6
\symboldletters=\mathgroup7
\symboldsymbols=\mathgroup8
LaTeX Font Info:    Redeclaring math alphabet \mathbf on input line 141.
LaTeX Info: Redefining \bm on input line 207.
)
("C:\Users\BDVR\AppData\Local\Programs\MiKTeX 2.9\tex\latex\graphics\epsfig.sty
"
Package: epsfig 1999/02/16 v1.7a (e)psfig emulation (SPQR)
\epsfxsize=\dimen114
\epsfysize=\dimen115
)
("C:\Users\BDVR\AppData\Local\Programs\MiKTeX 2.9\tex\latex\tools\enumerate.sty
"
Package: enumerate 2015/07/23 v3.00 enumerate extensions (DPC)
\@enLab=\toks20
) ("C:\Users\BDVR\AppData\Local\Programs\MiKTeX 2.9\tex\latex\float\float.sty"
Package: float 2001/11/08 v1.3d Float enhancements (AL)
\c@float@type=\count100
\float@exts=\toks21
\float@box=\box28
\@float@everytoks=\toks22
\@floatcapt=\box29
)
("C:\Users\BDVR\AppData\Local\Programs\MiKTeX 2.9\tex\latex\caption\caption.sty
"
Package: caption 2016/02/02 v3.3-136 Customizing captions (AR)

("C:\Users\BDVR\AppData\Local\Programs\MiKTeX 2.9\tex\latex\caption\caption3.st
y"
Package: caption3 2016/02/02 v1.7-136 caption3 kernel (AR)
Package caption3 Info: TeX engine: e-TeX on input line 57.
\captionmargin=\dimen116
\captionmargin@=\dimen117
\captionwidth=\dimen118
\caption@tempdima=\dimen119
\caption@indent=\dimen120
\caption@parindent=\dimen121
\caption@hangindent=\dimen122
)
\c@ContinuedFloat=\count101
Package caption Info: float package is loaded.
) (avanroi1_hw6.aux)
\openout1 = `avanroi1_hw6.aux'.

LaTeX Font Info:    Checking defaults for OML/cmm/m/it on input line 254.
LaTeX Font Info:    ... okay on input line 254.
LaTeX Font Info:    Checking defaults for T1/cmr/m/n on input line 254.
LaTeX Font Info:    ... okay on input line 254.
LaTeX Font Info:    Checking defaults for OT1/cmr/m/n on input line 254.
LaTeX Font Info:    ... okay on input line 254.
LaTeX Font Info:    Checking defaults for OMS/cmsy/m/n on input line 254.
LaTeX Font Info:    ... okay on input line 254.
LaTeX Font Info:    Checking defaults for OMX/cmex/m/n on input line 254.
LaTeX Font Info:    ... okay on input line 254.
LaTeX Font Info:    Checking defaults for U/cmr/m/n on input line 254.
LaTeX Font Info:    ... okay on input line 254.

("C:\Users\BDVR\AppData\Local\Programs\MiKTeX 2.9\tex\context\base\supp-pdf.mki
i"
[Loading MPS to PDF converter (version 2006.09.02).]
\scratchcounter=\count102
\scratchdimen=\dimen123
\scratchbox=\box30
\nofMPsegments=\count103
\nofMParguments=\count104
\everyMPshowfont=\toks23
\MPscratchCnt=\count105
\MPscratchDim=\dimen124
\MPnumerator=\count106
\makeMPintoPDFobject=\count107
\everyMPtoPDFconversion=\toks24
)
Package caption Info: Begin \AtBeginDocument code.
Package caption Info: End \AtBeginDocument code.
LaTeX Font Info:    Try loading font information for U+msa on input line 262.
 ("C:\Users\BDVR\AppData\Local\Programs\MiKTeX 2.9\tex\latex\amsfonts\umsa.fd"
File: umsa.fd 2013/01/14 v3.01 AMS symbols A
)
LaTeX Font Info:    Try loading font information for U+msb on input line 262.
 ("C:\Users\BDVR\AppData\Local\Programs\MiKTeX 2.9\tex\latex\amsfonts\umsb.fd"
File: umsb.fd 2013/01/14 v3.01 AMS symbols B
) [1

{C:/Users/BDVR/AppData/Local/MiKTeX/2.9/pdftex/config/pdftex.map}]
Overfull \hbox (21.81511pt too wide) in paragraph at lines 305--305
[] 
 []

[2] [3] [4] [5]
Overfull \hbox (7.43819pt too wide) in paragraph at lines 441--441
[] 
 []

[6] [7]
Overfull \hbox (20.4715pt too wide) in paragraph at lines 475--475
 []\OT1/cmtt/m/n/10.95 +                      0.001, 0.029 , 0.032,0.043,0.130)
, nrow=5 , byrow=TRUE)[] 
 []


Overfull \hbox (31.96887pt too wide) in paragraph at lines 475--475
 []\OT1/cmtt/m/n/10.95 > colnames ( y ) = c ( 'farm' , "operatives",'craftsen',
'sales','professional' )[] 
 []

[8]
Missing character: There is no â in font cmr10!
Missing character: There is no € in font cmr10!
Missing character: There is no ™ in font cmr10!
Missing character: There is no â in font cmr10!
Missing character: There is no € in font cmr10!
Missing character: There is no ™ in font cmr10!
Missing character: There is no â in font cmr10!
Missing character: There is no € in font cmr10!
Missing character: There is no ™ in font cmr10!
Missing character: There is no â in font cmr10!
Missing character: There is no € in font cmr10!
Missing character: There is no ™ in font cmr10!
 [9] [10]
Overfull \hbox (10.0694pt too wide) in paragraph at lines 555--555
 []\OT1/cmtt/m/n/10.95 > dptable = matrix(c(dcell11,dcell12,dcell21,dcell22),nr
ow=2,byrow=TRUE)[] 
 []


Overfull \hbox (199.7761pt too wide) in paragraph at lines 576--576
 []\OT1/cmtt/m/n/10.95 > # since each cell is a bernoulli RV, our expected valu
e is simply the probability times the grand total[] 
 []


Overfull \hbox (10.0694pt too wide) in paragraph at lines 576--576
 []\OT1/cmtt/m/n/10.95 > iptable = matrix(c(icell11,icell12,icell21,icell22),nr
ow=2,byrow=TRUE)[] 
 []

Missing character: There is no â in font cmr10!
Missing character: There is no € in font cmr10!
Missing character: There is no ™ in font cmr10!
[11]
Overfull \hbox (314.74985pt too wide) in paragraph at lines 600--600
 []\OT1/cmtt/m/n/10.95 +       sum = sum + (((truMatrix[rcounter,ccounter]-expe
ctedMatrix[rcounter,ccounter])**2)/expectedMatrix[rcounter,ccounter])[] 
 []

[12]
Overfull \hbox (274.50903pt too wide) in paragraph at lines 624--624
 []\OT1/cmtt/m/n/10.95 +       sum = sum + (truMatrix[rcounter,ccounter]*log(tr
uMatrix[rcounter,ccounter]/expectedMatrix[rcounter,ccounter]))[] 
 []


Overfull \hbox (10.0694pt too wide) in paragraph at lines 624--624
 []\OT1/cmtt/m/n/10.95 > test2 = (gsquareTest(table9,ipttable))  #ipptable is i
nteraction table[] 
 []

[13] (avanroi1_hw6.aux) ) 
Here is how much of TeX's memory you used:
 3500 strings out of 493622
 48632 string characters out of 3135547
 124491 words of memory out of 3000000
 6867 multiletter control sequences out of 15000+200000
 16156 words of font info for 60 fonts, out of 3000000 for 9000
 1025 hyphenation exceptions out of 8191
 36i,16n,38p,357b,397s stack positions out of 5000i,500n,10000p,200000b,50000s
<C:/Users/BDVR/AppData/Local/Programs/MiKTeX 2.9/fonts
/type1/public/amsfonts/cm/cmbx12.pfb><C:/Users/BDVR/AppData/Local/Programs/MiKT
eX 2.9/fonts/type1/public/amsfonts/cm/cmex10.pfb><C:/Users/BDVR/AppData/Local/P
rograms/MiKTeX 2.9/fonts/type1/public/amsfonts/cm/cmmi10.pfb><C:/Users/BDVR/App
Data/Local/Programs/MiKTeX 2.9/fonts/type1/public/amsfonts/cm/cmmi6.pfb><C:/Use
rs/BDVR/AppData/Local/Programs/MiKTeX 2.9/fonts/type1/public/amsfonts/cm/cmmi8.
pfb><C:/Users/BDVR/AppData/Local/Programs/MiKTeX 2.9/fonts/type1/public/amsfont
s/cm/cmr10.pfb><C:/Users/BDVR/AppData/Local/Programs/MiKTeX 2.9/fonts/type1/pub
lic/amsfonts/cm/cmr12.pfb><C:/Users/BDVR/AppData/Local/Programs/MiKTeX 2.9/font
s/type1/public/amsfonts/cm/cmr6.pfb><C:/Users/BDVR/AppData/Local/Programs/MiKTe
X 2.9/fonts/type1/public/amsfonts/cm/cmr8.pfb><C:/Users/BDVR/AppData/Local/Prog
rams/MiKTeX 2.9/fonts/type1/public/amsfonts/cm/cmsy10.pfb><C:/Users/BDVR/AppDat
a/Local/Programs/MiKTeX 2.9/fonts/type1/public/amsfonts/cm/cmsy6.pfb><C:/Users/
BDVR/AppData/Local/Programs/MiKTeX 2.9/fonts/type1/public/amsfonts/cm/cmsy8.pfb
><C:/Users/BDVR/AppData/Local/Programs/MiKTeX 2.9/fonts/type1/public/amsfonts/c
m/cmtt10.pfb><C:/Users/BDVR/AppData/Local/Programs/MiKTeX 2.9/fonts/type1/publi
c/amsfonts/symbols/msam10.pfb>
Output written on avanroi1_hw6.pdf (13 pages, 186833 bytes).
PDF statistics:
 101 PDF objects out of 1000 (max. 8388607)
 0 named destinations out of 1000 (max. 500000)
 1 words of extra memory for PDF output out of 10000 (max. 10000000)

